<?xml version="1.0" encoding="UTF-8"?>
<!-- Generated by org.testng.reporters.JUnitReportReporter -->
<testsuite hostname="DESKTOP-PTHTCDU" failures="0" tests="4" name="api.test.UserTest" time="11.319" errors="0" timestamp="2024-01-06T09:51:02 IST" skipped="0">
  <testcase classname="api.test.UserTest" name="testPostUser" time="4.695"/>
  <system-out/>
  <testcase classname="api.test.UserTest" name="testGetUser" time="1.692"/>
  <system-out/>
  <testcase classname="api.test.UserTest" name="testUpdateUser" time="3.261"/>
  <system-out/>
  <testcase classname="api.test.UserTest" name="testDeleteUser" time="1.671"/>
  <system-out/>
</testsuite> <!-- api.test.UserTest -->
