<?xml version="1.0" encoding="UTF-8"?>
<!-- Generated by org.testng.reporters.JUnitReportReporter -->
<testsuite hostname="DESKTOP-PTHTCDU" failures="0" tests="4" name="api.test.UserTest2" time="14.604" errors="0" timestamp="2024-01-06T09:44:50 IST" skipped="0">
  <testcase classname="api.test.UserTest2" name="testPostUser" time="8.047"/>
  <system-out/>
  <testcase classname="api.test.UserTest2" name="testGetUser" time="1.623"/>
  <system-out/>
  <testcase classname="api.test.UserTest2" name="testUpdateUser" time="3.330"/>
  <system-out/>
  <testcase classname="api.test.UserTest2" name="testDeleteUser" time="1.604"/>
  <system-out/>
</testsuite> <!-- api.test.UserTest2 -->
