<?xml version="1.0" encoding="UTF-8"?>
<!-- Generated by org.testng.reporters.JUnitReportReporter -->
<testsuite hostname="DESKTOP-PTHTCDU" failures="0" tests="8" name="api.test.DDTest" time="16.930" errors="0" timestamp="2023-12-29T08:40:03 IST" skipped="0">
  <testcase classname="api.test.DDTest" name="testPostuser" time="1.597"/>
  <system-out/>
  <testcase classname="api.test.DDTest" name="testPostuser" time="1.826"/>
  <system-out/>
  <testcase classname="api.test.DDTest" name="testPostuser" time="1.626"/>
  <system-out/>
  <testcase classname="api.test.DDTest" name="testPostuser" time="5.101"/>
  <system-out/>
  <testcase classname="api.test.DDTest" name="testDeleteUserByName" time="1.681"/>
  <system-out/>
  <testcase classname="api.test.DDTest" name="testDeleteUserByName" time="1.670"/>
  <system-out/>
  <testcase classname="api.test.DDTest" name="testDeleteUserByName" time="1.836"/>
  <system-out/>
  <testcase classname="api.test.DDTest" name="testDeleteUserByName" time="1.593"/>
  <system-out/>
</testsuite> <!-- api.test.DDTest -->
