<?xml version="1.0" encoding="UTF-8"?>
<!-- Generated by org.testng.reporters.JUnitReportReporter -->
<testsuite hostname="DESKTOP-PTHTCDU" failures="0" tests="4" name="api.test.UserTest" time="11.436" errors="0" timestamp="2023-12-29T09:36:54 IST" skipped="0">
  <testcase classname="api.test.UserTest" name="testPostUser" time="4.839"/>
  <system-out/>
  <testcase classname="api.test.UserTest" name="testGetUser" time="1.841"/>
  <system-out/>
  <testcase classname="api.test.UserTest" name="testUpdateUser" time="3.176"/>
  <system-out/>
  <testcase classname="api.test.UserTest" name="testDeleteUser" time="1.580"/>
  <system-out/>
</testsuite> <!-- api.test.UserTest -->
