<?xml version="1.0" encoding="UTF-8"?>
<!-- Generated by org.testng.reporters.JUnitReportReporter -->
<testsuite hostname="DESKTOP-PTHTCDU" failures="0" tests="4" name="api.test.UserTest" time="8.550" errors="0" timestamp="2024-01-06T11:05:17 IST" skipped="0">
  <testcase classname="api.test.UserTest" name="testPostUser" time="1.770"/>
  <system-out/>
  <testcase classname="api.test.UserTest" name="testGetUser" time="1.830"/>
  <system-out/>
  <testcase classname="api.test.UserTest" name="testUpdateUser" time="3.275"/>
  <system-out/>
  <testcase classname="api.test.UserTest" name="testDeleteUser" time="1.675"/>
  <system-out/>
</testsuite> <!-- api.test.UserTest -->
