<?xml version="1.0" encoding="UTF-8"?>
<!-- Generated by org.testng.reporters.JUnitReportReporter -->
<testsuite hostname="DESKTOP-PTHTCDU" failures="0" tests="4" name="api.test.UserTest" time="8.756" errors="0" timestamp="2024-01-06T09:58:57 IST" skipped="0">
  <testcase classname="api.test.UserTest" name="testPostUser" time="1.647"/>
  <system-out/>
  <testcase classname="api.test.UserTest" name="testGetUser" time="2.324"/>
  <system-out/>
  <testcase classname="api.test.UserTest" name="testUpdateUser" time="3.200"/>
  <system-out/>
  <testcase classname="api.test.UserTest" name="testDeleteUser" time="1.585"/>
  <system-out/>
</testsuite> <!-- api.test.UserTest -->
