<?xml version="1.0" encoding="UTF-8"?>
<!-- Generated by org.testng.reporters.JUnitReportReporter -->
<testsuite hostname="DESKTOP-PTHTCDU" failures="0" tests="8" name="api.test.DDTest" time="16.758" errors="0" timestamp="2024-01-06T09:58:57 IST" skipped="0">
  <testcase classname="api.test.DDTest" name="testPostuser" time="2.074"/>
  <system-out/>
  <testcase classname="api.test.DDTest" name="testPostuser" time="1.677"/>
  <system-out/>
  <testcase classname="api.test.DDTest" name="testPostuser" time="5.078"/>
  <system-out/>
  <testcase classname="api.test.DDTest" name="testPostuser" time="1.641"/>
  <system-out/>
  <testcase classname="api.test.DDTest" name="testDeleteUserByName" time="1.599"/>
  <system-out/>
  <testcase classname="api.test.DDTest" name="testDeleteUserByName" time="1.567"/>
  <system-out/>
  <testcase classname="api.test.DDTest" name="testDeleteUserByName" time="1.527"/>
  <system-out/>
  <testcase classname="api.test.DDTest" name="testDeleteUserByName" time="1.595"/>
  <system-out/>
</testsuite> <!-- api.test.DDTest -->
