<?xml version="1.0" encoding="UTF-8"?>
<!-- Generated by org.testng.reporters.JUnitReportReporter -->
<testsuite hostname="DESKTOP-PTHTCDU" failures="0" tests="8" name="api.test.DDTest" time="18.373" errors="0" timestamp="2024-01-06T11:05:17 IST" skipped="0">
  <testcase classname="api.test.DDTest" name="testPostuser" time="1.587"/>
  <system-out/>
  <testcase classname="api.test.DDTest" name="testPostuser" time="1.688"/>
  <system-out/>
  <testcase classname="api.test.DDTest" name="testPostuser" time="4.877"/>
  <system-out/>
  <testcase classname="api.test.DDTest" name="testPostuser" time="3.852"/>
  <system-out/>
  <testcase classname="api.test.DDTest" name="testDeleteUserByName" time="1.623"/>
  <system-out/>
  <testcase classname="api.test.DDTest" name="testDeleteUserByName" time="1.632"/>
  <system-out/>
  <testcase classname="api.test.DDTest" name="testDeleteUserByName" time="1.594"/>
  <system-out/>
  <testcase classname="api.test.DDTest" name="testDeleteUserByName" time="1.520"/>
  <system-out/>
</testsuite> <!-- api.test.DDTest -->
